
================================================================================
ERROR LOGGED: 2026-06-03T04:16:11.246Z
User ID: cdmaestas@us.ibm.com
================================================================================
Error Name: Error
Error Message: not supported

Stack Trace:
Error: not supported
    at fnt.generateContent (file:///opt/homebrew/lib/node_modules/bobshell/bundle/bob.js:2151:526)
    at file:///opt/homebrew/lib/node_modules/bobshell/bundle/bob.js:800:30370
    at cR (file:///opt/homebrew/lib/node_modules/bobshell/bundle/bob.js:800:17196)
    at H6.generateContent (file:///opt/homebrew/lib/node_modules/bobshell/bundle/bob.js:800:30115)
    at file:///opt/homebrew/lib/node_modules/bobshell/bundle/bob.js:2796:2057
    at Iz (file:///opt/homebrew/lib/node_modules/bobshell/bundle/bob.js:1636:1443)
    at nwe.generateContent (file:///opt/homebrew/lib/node_modules/bobshell/bundle/bob.js:2796:1885)
    at file:///opt/homebrew/lib/node_modules/bobshell/bundle/bob.js:4506:11268
    at Timeout._onTimeout (file:///opt/homebrew/lib/node_modules/bobshell/bundle/bob.js:4506:11894)
    at listOnTimeout (node:internal/timers:605:17)
================================================================================


================================================================================
ERROR LOGGED: 2026-06-03T04:17:07.456Z
User ID: cdmaestas@us.ibm.com
================================================================================
Error Name: Error
Error Message: not supported

Stack Trace:
Error: not supported
    at fnt.generateContent (file:///opt/homebrew/lib/node_modules/bobshell/bundle/bob.js:2151:526)
    at file:///opt/homebrew/lib/node_modules/bobshell/bundle/bob.js:800:30370
    at cR (file:///opt/homebrew/lib/node_modules/bobshell/bundle/bob.js:800:17196)
    at H6.generateContent (file:///opt/homebrew/lib/node_modules/bobshell/bundle/bob.js:800:30115)
    at file:///opt/homebrew/lib/node_modules/bobshell/bundle/bob.js:2796:2057
    at Iz (file:///opt/homebrew/lib/node_modules/bobshell/bundle/bob.js:1636:1443)
    at nwe.generateContent (file:///opt/homebrew/lib/node_modules/bobshell/bundle/bob.js:2796:1885)
    at file:///opt/homebrew/lib/node_modules/bobshell/bundle/bob.js:4506:11268
    at Timeout._onTimeout (file:///opt/homebrew/lib/node_modules/bobshell/bundle/bob.js:4506:11894)
    at listOnTimeout (node:internal/timers:605:17)
================================================================================


================================================================================
ERROR LOGGED: 2026-06-03T04:17:09.013Z
User ID: cdmaestas@us.ibm.com
================================================================================
Error Name: Error
Error Message: not supported

Stack Trace:
Error: not supported
    at fnt.generateContent (file:///opt/homebrew/lib/node_modules/bobshell/bundle/bob.js:2151:526)
    at file:///opt/homebrew/lib/node_modules/bobshell/bundle/bob.js:800:30370
    at cR (file:///opt/homebrew/lib/node_modules/bobshell/bundle/bob.js:800:17196)
    at H6.generateContent (file:///opt/homebrew/lib/node_modules/bobshell/bundle/bob.js:800:30115)
    at file:///opt/homebrew/lib/node_modules/bobshell/bundle/bob.js:2796:2057
    at Iz (file:///opt/homebrew/lib/node_modules/bobshell/bundle/bob.js:1636:1443)
    at nwe.generateContent (file:///opt/homebrew/lib/node_modules/bobshell/bundle/bob.js:2796:1885)
    at file:///opt/homebrew/lib/node_modules/bobshell/bundle/bob.js:4506:11268
    at Timeout._onTimeout (file:///opt/homebrew/lib/node_modules/bobshell/bundle/bob.js:4506:11894)
    at listOnTimeout (node:internal/timers:605:17)
================================================================================


================================================================================
ERROR LOGGED: 2026-06-03T04:17:09.923Z
User ID: cdmaestas@us.ibm.com
================================================================================
Error Name: Error
Error Message: not supported

Stack Trace:
Error: not supported
    at fnt.generateContent (file:///opt/homebrew/lib/node_modules/bobshell/bundle/bob.js:2151:526)
    at file:///opt/homebrew/lib/node_modules/bobshell/bundle/bob.js:800:30370
    at cR (file:///opt/homebrew/lib/node_modules/bobshell/bundle/bob.js:800:17196)
    at H6.generateContent (file:///opt/homebrew/lib/node_modules/bobshell/bundle/bob.js:800:30115)
    at file:///opt/homebrew/lib/node_modules/bobshell/bundle/bob.js:2796:2057
    at Iz (file:///opt/homebrew/lib/node_modules/bobshell/bundle/bob.js:1636:1443)
    at nwe.generateContent (file:///opt/homebrew/lib/node_modules/bobshell/bundle/bob.js:2796:1885)
    at file:///opt/homebrew/lib/node_modules/bobshell/bundle/bob.js:4506:11268
    at Timeout._onTimeout (file:///opt/homebrew/lib/node_modules/bobshell/bundle/bob.js:4506:11894)
    at listOnTimeout (node:internal/timers:605:17)
================================================================================


================================================================================
ERROR LOGGED: 2026-06-03T04:17:12.271Z
User ID: cdmaestas@us.ibm.com
================================================================================
Error Name: Error
Error Message: not supported

Stack Trace:
Error: not supported
    at fnt.generateContent (file:///opt/homebrew/lib/node_modules/bobshell/bundle/bob.js:2151:526)
    at file:///opt/homebrew/lib/node_modules/bobshell/bundle/bob.js:800:30370
    at cR (file:///opt/homebrew/lib/node_modules/bobshell/bundle/bob.js:800:17196)
    at H6.generateContent (file:///opt/homebrew/lib/node_modules/bobshell/bundle/bob.js:800:30115)
    at file:///opt/homebrew/lib/node_modules/bobshell/bundle/bob.js:2796:2057
    at Iz (file:///opt/homebrew/lib/node_modules/bobshell/bundle/bob.js:1636:1443)
    at nwe.generateContent (file:///opt/homebrew/lib/node_modules/bobshell/bundle/bob.js:2796:1885)
    at file:///opt/homebrew/lib/node_modules/bobshell/bundle/bob.js:4506:11268
    at Timeout._onTimeout (file:///opt/homebrew/lib/node_modules/bobshell/bundle/bob.js:4506:11894)
    at listOnTimeout (node:internal/timers:605:17)
================================================================================


================================================================================
ERROR LOGGED: 2026-06-03T04:17:13.168Z
User ID: cdmaestas@us.ibm.com
================================================================================
Error Name: Error
Error Message: not supported

Stack Trace:
Error: not supported
    at fnt.generateContent (file:///opt/homebrew/lib/node_modules/bobshell/bundle/bob.js:2151:526)
    at file:///opt/homebrew/lib/node_modules/bobshell/bundle/bob.js:800:30370
    at cR (file:///opt/homebrew/lib/node_modules/bobshell/bundle/bob.js:800:17196)
    at H6.generateContent (file:///opt/homebrew/lib/node_modules/bobshell/bundle/bob.js:800:30115)
    at file:///opt/homebrew/lib/node_modules/bobshell/bundle/bob.js:2796:2057
    at Iz (file:///opt/homebrew/lib/node_modules/bobshell/bundle/bob.js:1636:1443)
    at nwe.generateContent (file:///opt/homebrew/lib/node_modules/bobshell/bundle/bob.js:2796:1885)
    at file:///opt/homebrew/lib/node_modules/bobshell/bundle/bob.js:4506:11268
    at Timeout._onTimeout (file:///opt/homebrew/lib/node_modules/bobshell/bundle/bob.js:4506:11894)
    at listOnTimeout (node:internal/timers:605:17)
================================================================================


================================================================================
ERROR LOGGED: 2026-06-03T04:17:14.208Z
User ID: cdmaestas@us.ibm.com
================================================================================
Error Name: Error
Error Message: not supported

Stack Trace:
Error: not supported
    at fnt.generateContent (file:///opt/homebrew/lib/node_modules/bobshell/bundle/bob.js:2151:526)
    at file:///opt/homebrew/lib/node_modules/bobshell/bundle/bob.js:800:30370
    at cR (file:///opt/homebrew/lib/node_modules/bobshell/bundle/bob.js:800:17196)
    at H6.generateContent (file:///opt/homebrew/lib/node_modules/bobshell/bundle/bob.js:800:30115)
    at file:///opt/homebrew/lib/node_modules/bobshell/bundle/bob.js:2796:2057
    at Iz (file:///opt/homebrew/lib/node_modules/bobshell/bundle/bob.js:1636:1443)
    at nwe.generateContent (file:///opt/homebrew/lib/node_modules/bobshell/bundle/bob.js:2796:1885)
    at file:///opt/homebrew/lib/node_modules/bobshell/bundle/bob.js:4506:11268
    at Timeout._onTimeout (file:///opt/homebrew/lib/node_modules/bobshell/bundle/bob.js:4506:11894)
    at listOnTimeout (node:internal/timers:605:17)
================================================================================


================================================================================
ERROR LOGGED: 2026-06-03T04:17:14.979Z
User ID: cdmaestas@us.ibm.com
================================================================================
Error Name: Error
Error Message: not supported

Stack Trace:
Error: not supported
    at fnt.generateContent (file:///opt/homebrew/lib/node_modules/bobshell/bundle/bob.js:2151:526)
    at file:///opt/homebrew/lib/node_modules/bobshell/bundle/bob.js:800:30370
    at cR (file:///opt/homebrew/lib/node_modules/bobshell/bundle/bob.js:800:17196)
    at H6.generateContent (file:///opt/homebrew/lib/node_modules/bobshell/bundle/bob.js:800:30115)
    at file:///opt/homebrew/lib/node_modules/bobshell/bundle/bob.js:2796:2057
    at Iz (file:///opt/homebrew/lib/node_modules/bobshell/bundle/bob.js:1636:1443)
    at nwe.generateContent (file:///opt/homebrew/lib/node_modules/bobshell/bundle/bob.js:2796:1885)
    at file:///opt/homebrew/lib/node_modules/bobshell/bundle/bob.js:4506:11268
    at Timeout._onTimeout (file:///opt/homebrew/lib/node_modules/bobshell/bundle/bob.js:4506:11894)
    at listOnTimeout (node:internal/timers:605:17)
================================================================================


================================================================================
ERROR LOGGED: 2026-06-03T04:17:16.665Z
User ID: cdmaestas@us.ibm.com
================================================================================
Error Name: Error
Error Message: not supported

Stack Trace:
Error: not supported
    at fnt.generateContent (file:///opt/homebrew/lib/node_modules/bobshell/bundle/bob.js:2151:526)
    at file:///opt/homebrew/lib/node_modules/bobshell/bundle/bob.js:800:30370
    at cR (file:///opt/homebrew/lib/node_modules/bobshell/bundle/bob.js:800:17196)
    at H6.generateContent (file:///opt/homebrew/lib/node_modules/bobshell/bundle/bob.js:800:30115)
    at file:///opt/homebrew/lib/node_modules/bobshell/bundle/bob.js:2796:2057
    at Iz (file:///opt/homebrew/lib/node_modules/bobshell/bundle/bob.js:1636:1443)
    at nwe.generateContent (file:///opt/homebrew/lib/node_modules/bobshell/bundle/bob.js:2796:1885)
    at file:///opt/homebrew/lib/node_modules/bobshell/bundle/bob.js:4506:11268
    at Timeout._onTimeout (file:///opt/homebrew/lib/node_modules/bobshell/bundle/bob.js:4506:11894)
    at listOnTimeout (node:internal/timers:605:17)
================================================================================


================================================================================
ERROR LOGGED: 2026-06-03T04:17:34.363Z
User ID: cdmaestas@us.ibm.com
================================================================================
Error Name: Error
Error Message: not supported

Stack Trace:
Error: not supported
    at fnt.generateContent (file:///opt/homebrew/lib/node_modules/bobshell/bundle/bob.js:2151:526)
    at file:///opt/homebrew/lib/node_modules/bobshell/bundle/bob.js:800:30370
    at cR (file:///opt/homebrew/lib/node_modules/bobshell/bundle/bob.js:800:17196)
    at H6.generateContent (file:///opt/homebrew/lib/node_modules/bobshell/bundle/bob.js:800:30115)
    at file:///opt/homebrew/lib/node_modules/bobshell/bundle/bob.js:2796:2057
    at Iz (file:///opt/homebrew/lib/node_modules/bobshell/bundle/bob.js:1636:1443)
    at nwe.generateContent (file:///opt/homebrew/lib/node_modules/bobshell/bundle/bob.js:2796:1885)
    at file:///opt/homebrew/lib/node_modules/bobshell/bundle/bob.js:4506:11268
    at Timeout._onTimeout (file:///opt/homebrew/lib/node_modules/bobshell/bundle/bob.js:4506:11894)
    at listOnTimeout (node:internal/timers:605:17)
================================================================================


================================================================================
ERROR LOGGED: 2026-06-03T04:17:36.206Z
User ID: cdmaestas@us.ibm.com
================================================================================
Error Name: Error
Error Message: not supported

Stack Trace:
Error: not supported
    at fnt.generateContent (file:///opt/homebrew/lib/node_modules/bobshell/bundle/bob.js:2151:526)
    at file:///opt/homebrew/lib/node_modules/bobshell/bundle/bob.js:800:30370
    at cR (file:///opt/homebrew/lib/node_modules/bobshell/bundle/bob.js:800:17196)
    at H6.generateContent (file:///opt/homebrew/lib/node_modules/bobshell/bundle/bob.js:800:30115)
    at file:///opt/homebrew/lib/node_modules/bobshell/bundle/bob.js:2796:2057
    at Iz (file:///opt/homebrew/lib/node_modules/bobshell/bundle/bob.js:1636:1443)
    at nwe.generateContent (file:///opt/homebrew/lib/node_modules/bobshell/bundle/bob.js:2796:1885)
    at file:///opt/homebrew/lib/node_modules/bobshell/bundle/bob.js:4506:11268
    at Timeout._onTimeout (file:///opt/homebrew/lib/node_modules/bobshell/bundle/bob.js:4506:11894)
    at listOnTimeout (node:internal/timers:605:17)
================================================================================


================================================================================
ERROR LOGGED: 2026-06-03T04:17:37.677Z
User ID: cdmaestas@us.ibm.com
================================================================================
Error Name: Error
Error Message: not supported

Stack Trace:
Error: not supported
    at fnt.generateContent (file:///opt/homebrew/lib/node_modules/bobshell/bundle/bob.js:2151:526)
    at file:///opt/homebrew/lib/node_modules/bobshell/bundle/bob.js:800:30370
    at cR (file:///opt/homebrew/lib/node_modules/bobshell/bundle/bob.js:800:17196)
    at H6.generateContent (file:///opt/homebrew/lib/node_modules/bobshell/bundle/bob.js:800:30115)
    at file:///opt/homebrew/lib/node_modules/bobshell/bundle/bob.js:2796:2057
    at Iz (file:///opt/homebrew/lib/node_modules/bobshell/bundle/bob.js:1636:1443)
    at nwe.generateContent (file:///opt/homebrew/lib/node_modules/bobshell/bundle/bob.js:2796:1885)
    at file:///opt/homebrew/lib/node_modules/bobshell/bundle/bob.js:4506:11268
    at Timeout._onTimeout (file:///opt/homebrew/lib/node_modules/bobshell/bundle/bob.js:4506:11894)
    at listOnTimeout (node:internal/timers:605:17)
================================================================================


================================================================================
ERROR LOGGED: 2026-06-03T04:17:39.234Z
User ID: cdmaestas@us.ibm.com
================================================================================
Error Name: Error
Error Message: not supported

Stack Trace:
Error: not supported
    at fnt.generateContent (file:///opt/homebrew/lib/node_modules/bobshell/bundle/bob.js:2151:526)
    at file:///opt/homebrew/lib/node_modules/bobshell/bundle/bob.js:800:30370
    at cR (file:///opt/homebrew/lib/node_modules/bobshell/bundle/bob.js:800:17196)
    at H6.generateContent (file:///opt/homebrew/lib/node_modules/bobshell/bundle/bob.js:800:30115)
    at file:///opt/homebrew/lib/node_modules/bobshell/bundle/bob.js:2796:2057
    at Iz (file:///opt/homebrew/lib/node_modules/bobshell/bundle/bob.js:1636:1443)
    at nwe.generateContent (file:///opt/homebrew/lib/node_modules/bobshell/bundle/bob.js:2796:1885)
    at file:///opt/homebrew/lib/node_modules/bobshell/bundle/bob.js:4506:11268
    at Timeout._onTimeout (file:///opt/homebrew/lib/node_modules/bobshell/bundle/bob.js:4506:11894)
    at listOnTimeout (node:internal/timers:605:17)
================================================================================


================================================================================
ERROR LOGGED: 2026-06-03T04:17:42.828Z
User ID: cdmaestas@us.ibm.com
================================================================================
Error Name: Error
Error Message: not supported

Stack Trace:
Error: not supported
    at fnt.generateContent (file:///opt/homebrew/lib/node_modules/bobshell/bundle/bob.js:2151:526)
    at file:///opt/homebrew/lib/node_modules/bobshell/bundle/bob.js:800:30370
    at cR (file:///opt/homebrew/lib/node_modules/bobshell/bundle/bob.js:800:17196)
    at H6.generateContent (file:///opt/homebrew/lib/node_modules/bobshell/bundle/bob.js:800:30115)
    at file:///opt/homebrew/lib/node_modules/bobshell/bundle/bob.js:2796:2057
    at Iz (file:///opt/homebrew/lib/node_modules/bobshell/bundle/bob.js:1636:1443)
    at nwe.generateContent (file:///opt/homebrew/lib/node_modules/bobshell/bundle/bob.js:2796:1885)
    at file:///opt/homebrew/lib/node_modules/bobshell/bundle/bob.js:4506:11268
    at Timeout._onTimeout (file:///opt/homebrew/lib/node_modules/bobshell/bundle/bob.js:4506:11894)
    at listOnTimeout (node:internal/timers:605:17)
================================================================================


================================================================================
ERROR LOGGED: 2026-06-03T04:17:43.896Z
User ID: cdmaestas@us.ibm.com
================================================================================
Error Name: Error
Error Message: not supported

Stack Trace:
Error: not supported
    at fnt.generateContent (file:///opt/homebrew/lib/node_modules/bobshell/bundle/bob.js:2151:526)
    at file:///opt/homebrew/lib/node_modules/bobshell/bundle/bob.js:800:30370
    at cR (file:///opt/homebrew/lib/node_modules/bobshell/bundle/bob.js:800:17196)
    at H6.generateContent (file:///opt/homebrew/lib/node_modules/bobshell/bundle/bob.js:800:30115)
    at file:///opt/homebrew/lib/node_modules/bobshell/bundle/bob.js:2796:2057
    at Iz (file:///opt/homebrew/lib/node_modules/bobshell/bundle/bob.js:1636:1443)
    at nwe.generateContent (file:///opt/homebrew/lib/node_modules/bobshell/bundle/bob.js:2796:1885)
    at file:///opt/homebrew/lib/node_modules/bobshell/bundle/bob.js:4506:11268
    at Timeout._onTimeout (file:///opt/homebrew/lib/node_modules/bobshell/bundle/bob.js:4506:11894)
    at listOnTimeout (node:internal/timers:605:17)
================================================================================


================================================================================
ERROR LOGGED: 2026-06-03T04:17:45.909Z
User ID: cdmaestas@us.ibm.com
================================================================================
Error Name: Error
Error Message: not supported

Stack Trace:
Error: not supported
    at fnt.generateContent (file:///opt/homebrew/lib/node_modules/bobshell/bundle/bob.js:2151:526)
    at file:///opt/homebrew/lib/node_modules/bobshell/bundle/bob.js:800:30370
    at cR (file:///opt/homebrew/lib/node_modules/bobshell/bundle/bob.js:800:17196)
    at H6.generateContent (file:///opt/homebrew/lib/node_modules/bobshell/bundle/bob.js:800:30115)
    at file:///opt/homebrew/lib/node_modules/bobshell/bundle/bob.js:2796:2057
    at Iz (file:///opt/homebrew/lib/node_modules/bobshell/bundle/bob.js:1636:1443)
    at nwe.generateContent (file:///opt/homebrew/lib/node_modules/bobshell/bundle/bob.js:2796:1885)
    at file:///opt/homebrew/lib/node_modules/bobshell/bundle/bob.js:4506:11268
    at Timeout._onTimeout (file:///opt/homebrew/lib/node_modules/bobshell/bundle/bob.js:4506:11894)
    at listOnTimeout (node:internal/timers:605:17)
================================================================================


================================================================================
ERROR LOGGED: 2026-06-03T04:17:48.303Z
User ID: cdmaestas@us.ibm.com
================================================================================
Error Name: Error
Error Message: not supported

Stack Trace:
Error: not supported
    at fnt.generateContent (file:///opt/homebrew/lib/node_modules/bobshell/bundle/bob.js:2151:526)
    at file:///opt/homebrew/lib/node_modules/bobshell/bundle/bob.js:800:30370
    at cR (file:///opt/homebrew/lib/node_modules/bobshell/bundle/bob.js:800:17196)
    at H6.generateContent (file:///opt/homebrew/lib/node_modules/bobshell/bundle/bob.js:800:30115)
    at file:///opt/homebrew/lib/node_modules/bobshell/bundle/bob.js:2796:2057
    at Iz (file:///opt/homebrew/lib/node_modules/bobshell/bundle/bob.js:1636:1443)
    at nwe.generateContent (file:///opt/homebrew/lib/node_modules/bobshell/bundle/bob.js:2796:1885)
    at file:///opt/homebrew/lib/node_modules/bobshell/bundle/bob.js:4506:11268
    at Timeout._onTimeout (file:///opt/homebrew/lib/node_modules/bobshell/bundle/bob.js:4506:11894)
    at listOnTimeout (node:internal/timers:605:17)
================================================================================


================================================================================
ERROR LOGGED: 2026-06-03T04:17:48.879Z
User ID: cdmaestas@us.ibm.com
================================================================================
Error Name: Error
Error Message: not supported

Stack Trace:
Error: not supported
    at fnt.generateContent (file:///opt/homebrew/lib/node_modules/bobshell/bundle/bob.js:2151:526)
    at file:///opt/homebrew/lib/node_modules/bobshell/bundle/bob.js:800:30370
    at cR (file:///opt/homebrew/lib/node_modules/bobshell/bundle/bob.js:800:17196)
    at H6.generateContent (file:///opt/homebrew/lib/node_modules/bobshell/bundle/bob.js:800:30115)
    at file:///opt/homebrew/lib/node_modules/bobshell/bundle/bob.js:2796:2057
    at Iz (file:///opt/homebrew/lib/node_modules/bobshell/bundle/bob.js:1636:1443)
    at nwe.generateContent (file:///opt/homebrew/lib/node_modules/bobshell/bundle/bob.js:2796:1885)
    at file:///opt/homebrew/lib/node_modules/bobshell/bundle/bob.js:4506:11268
    at Timeout._onTimeout (file:///opt/homebrew/lib/node_modules/bobshell/bundle/bob.js:4506:11894)
    at listOnTimeout (node:internal/timers:605:17)
================================================================================


================================================================================
ERROR LOGGED: 2026-06-03T04:17:49.783Z
User ID: cdmaestas@us.ibm.com
================================================================================
Error Name: Error
Error Message: not supported

Stack Trace:
Error: not supported
    at fnt.generateContent (file:///opt/homebrew/lib/node_modules/bobshell/bundle/bob.js:2151:526)
    at file:///opt/homebrew/lib/node_modules/bobshell/bundle/bob.js:800:30370
    at cR (file:///opt/homebrew/lib/node_modules/bobshell/bundle/bob.js:800:17196)
    at H6.generateContent (file:///opt/homebrew/lib/node_modules/bobshell/bundle/bob.js:800:30115)
    at file:///opt/homebrew/lib/node_modules/bobshell/bundle/bob.js:2796:2057
    at Iz (file:///opt/homebrew/lib/node_modules/bobshell/bundle/bob.js:1636:1443)
    at nwe.generateContent (file:///opt/homebrew/lib/node_modules/bobshell/bundle/bob.js:2796:1885)
    at file:///opt/homebrew/lib/node_modules/bobshell/bundle/bob.js:4506:11268
    at Timeout._onTimeout (file:///opt/homebrew/lib/node_modules/bobshell/bundle/bob.js:4506:11894)
    at listOnTimeout (node:internal/timers:605:17)
================================================================================


================================================================================
ERROR LOGGED: 2026-06-03T04:17:51.717Z
User ID: cdmaestas@us.ibm.com
================================================================================
Error Name: Error
Error Message: not supported

Stack Trace:
Error: not supported
    at fnt.generateContent (file:///opt/homebrew/lib/node_modules/bobshell/bundle/bob.js:2151:526)
    at file:///opt/homebrew/lib/node_modules/bobshell/bundle/bob.js:800:30370
    at cR (file:///opt/homebrew/lib/node_modules/bobshell/bundle/bob.js:800:17196)
    at H6.generateContent (file:///opt/homebrew/lib/node_modules/bobshell/bundle/bob.js:800:30115)
    at file:///opt/homebrew/lib/node_modules/bobshell/bundle/bob.js:2796:2057
    at Iz (file:///opt/homebrew/lib/node_modules/bobshell/bundle/bob.js:1636:1443)
    at nwe.generateContent (file:///opt/homebrew/lib/node_modules/bobshell/bundle/bob.js:2796:1885)
    at file:///opt/homebrew/lib/node_modules/bobshell/bundle/bob.js:4506:11268
    at Timeout._onTimeout (file:///opt/homebrew/lib/node_modules/bobshell/bundle/bob.js:4506:11894)
    at listOnTimeout (node:internal/timers:605:17)
================================================================================


================================================================================
ERROR LOGGED: 2026-06-03T04:23:49.424Z
User ID: cdmaestas@us.ibm.com
================================================================================
Error Name: Error
Error Message: not supported

Stack Trace:
Error: not supported
    at fnt.generateContent (file:///opt/homebrew/lib/node_modules/bobshell/bundle/bob.js:2151:526)
    at file:///opt/homebrew/lib/node_modules/bobshell/bundle/bob.js:800:30370
    at cR (file:///opt/homebrew/lib/node_modules/bobshell/bundle/bob.js:800:17196)
    at H6.generateContent (file:///opt/homebrew/lib/node_modules/bobshell/bundle/bob.js:800:30115)
    at file:///opt/homebrew/lib/node_modules/bobshell/bundle/bob.js:2796:2057
    at Iz (file:///opt/homebrew/lib/node_modules/bobshell/bundle/bob.js:1636:1443)
    at nwe.generateContent (file:///opt/homebrew/lib/node_modules/bobshell/bundle/bob.js:2796:1885)
    at file:///opt/homebrew/lib/node_modules/bobshell/bundle/bob.js:4506:11268
    at Timeout._onTimeout (file:///opt/homebrew/lib/node_modules/bobshell/bundle/bob.js:4506:11894)
    at listOnTimeout (node:internal/timers:605:17)
================================================================================


================================================================================
ERROR LOGGED: 2026-06-03T04:23:49.762Z
User ID: cdmaestas@us.ibm.com
================================================================================
Error Name: Error
Error Message: not supported

Stack Trace:
Error: not supported
    at fnt.generateContent (file:///opt/homebrew/lib/node_modules/bobshell/bundle/bob.js:2151:526)
    at file:///opt/homebrew/lib/node_modules/bobshell/bundle/bob.js:800:30370
    at cR (file:///opt/homebrew/lib/node_modules/bobshell/bundle/bob.js:800:17196)
    at H6.generateContent (file:///opt/homebrew/lib/node_modules/bobshell/bundle/bob.js:800:30115)
    at file:///opt/homebrew/lib/node_modules/bobshell/bundle/bob.js:2796:2057
    at Iz (file:///opt/homebrew/lib/node_modules/bobshell/bundle/bob.js:1636:1443)
    at nwe.generateContent (file:///opt/homebrew/lib/node_modules/bobshell/bundle/bob.js:2796:1885)
    at file:///opt/homebrew/lib/node_modules/bobshell/bundle/bob.js:4506:11268
    at Timeout._onTimeout (file:///opt/homebrew/lib/node_modules/bobshell/bundle/bob.js:4506:11894)
    at listOnTimeout (node:internal/timers:605:17)
================================================================================


================================================================================
ERROR LOGGED: 2026-06-03T04:23:51.516Z
User ID: cdmaestas@us.ibm.com
================================================================================
Error Name: Error
Error Message: not supported

Stack Trace:
Error: not supported
    at fnt.generateContent (file:///opt/homebrew/lib/node_modules/bobshell/bundle/bob.js:2151:526)
    at file:///opt/homebrew/lib/node_modules/bobshell/bundle/bob.js:800:30370
    at cR (file:///opt/homebrew/lib/node_modules/bobshell/bundle/bob.js:800:17196)
    at H6.generateContent (file:///opt/homebrew/lib/node_modules/bobshell/bundle/bob.js:800:30115)
    at file:///opt/homebrew/lib/node_modules/bobshell/bundle/bob.js:2796:2057
    at Iz (file:///opt/homebrew/lib/node_modules/bobshell/bundle/bob.js:1636:1443)
    at nwe.generateContent (file:///opt/homebrew/lib/node_modules/bobshell/bundle/bob.js:2796:1885)
    at file:///opt/homebrew/lib/node_modules/bobshell/bundle/bob.js:4506:11268
    at Timeout._onTimeout (file:///opt/homebrew/lib/node_modules/bobshell/bundle/bob.js:4506:11894)
    at listOnTimeout (node:internal/timers:605:17)
================================================================================


================================================================================
ERROR LOGGED: 2026-06-03T04:23:53.005Z
User ID: cdmaestas@us.ibm.com
================================================================================
Error Name: Error
Error Message: not supported

Stack Trace:
Error: not supported
    at fnt.generateContent (file:///opt/homebrew/lib/node_modules/bobshell/bundle/bob.js:2151:526)
    at file:///opt/homebrew/lib/node_modules/bobshell/bundle/bob.js:800:30370
    at cR (file:///opt/homebrew/lib/node_modules/bobshell/bundle/bob.js:800:17196)
    at H6.generateContent (file:///opt/homebrew/lib/node_modules/bobshell/bundle/bob.js:800:30115)
    at file:///opt/homebrew/lib/node_modules/bobshell/bundle/bob.js:2796:2057
    at Iz (file:///opt/homebrew/lib/node_modules/bobshell/bundle/bob.js:1636:1443)
    at nwe.generateContent (file:///opt/homebrew/lib/node_modules/bobshell/bundle/bob.js:2796:1885)
    at file:///opt/homebrew/lib/node_modules/bobshell/bundle/bob.js:4506:11268
    at Timeout._onTimeout (file:///opt/homebrew/lib/node_modules/bobshell/bundle/bob.js:4506:11894)
    at listOnTimeout (node:internal/timers:605:17)
================================================================================


================================================================================
ERROR LOGGED: 2026-06-03T04:23:53.304Z
User ID: cdmaestas@us.ibm.com
================================================================================
Error Name: Error
Error Message: not supported

Stack Trace:
Error: not supported
    at fnt.generateContent (file:///opt/homebrew/lib/node_modules/bobshell/bundle/bob.js:2151:526)
    at file:///opt/homebrew/lib/node_modules/bobshell/bundle/bob.js:800:30370
    at cR (file:///opt/homebrew/lib/node_modules/bobshell/bundle/bob.js:800:17196)
    at H6.generateContent (file:///opt/homebrew/lib/node_modules/bobshell/bundle/bob.js:800:30115)
    at file:///opt/homebrew/lib/node_modules/bobshell/bundle/bob.js:2796:2057
    at Iz (file:///opt/homebrew/lib/node_modules/bobshell/bundle/bob.js:1636:1443)
    at nwe.generateContent (file:///opt/homebrew/lib/node_modules/bobshell/bundle/bob.js:2796:1885)
    at file:///opt/homebrew/lib/node_modules/bobshell/bundle/bob.js:4506:11268
    at Timeout._onTimeout (file:///opt/homebrew/lib/node_modules/bobshell/bundle/bob.js:4506:11894)
    at listOnTimeout (node:internal/timers:605:17)
================================================================================


================================================================================
ERROR LOGGED: 2026-06-03T04:23:53.735Z
User ID: cdmaestas@us.ibm.com
================================================================================
Error Name: Error
Error Message: not supported

Stack Trace:
Error: not supported
    at fnt.generateContent (file:///opt/homebrew/lib/node_modules/bobshell/bundle/bob.js:2151:526)
    at file:///opt/homebrew/lib/node_modules/bobshell/bundle/bob.js:800:30370
    at cR (file:///opt/homebrew/lib/node_modules/bobshell/bundle/bob.js:800:17196)
    at H6.generateContent (file:///opt/homebrew/lib/node_modules/bobshell/bundle/bob.js:800:30115)
    at file:///opt/homebrew/lib/node_modules/bobshell/bundle/bob.js:2796:2057
    at Iz (file:///opt/homebrew/lib/node_modules/bobshell/bundle/bob.js:1636:1443)
    at nwe.generateContent (file:///opt/homebrew/lib/node_modules/bobshell/bundle/bob.js:2796:1885)
    at file:///opt/homebrew/lib/node_modules/bobshell/bundle/bob.js:4506:11268
    at Timeout._onTimeout (file:///opt/homebrew/lib/node_modules/bobshell/bundle/bob.js:4506:11894)
    at listOnTimeout (node:internal/timers:605:17)
================================================================================


================================================================================
ERROR LOGGED: 2026-06-03T04:23:57.904Z
User ID: cdmaestas@us.ibm.com
================================================================================
Error Name: Error
Error Message: not supported

Stack Trace:
Error: not supported
    at fnt.generateContent (file:///opt/homebrew/lib/node_modules/bobshell/bundle/bob.js:2151:526)
    at file:///opt/homebrew/lib/node_modules/bobshell/bundle/bob.js:800:30370
    at cR (file:///opt/homebrew/lib/node_modules/bobshell/bundle/bob.js:800:17196)
    at H6.generateContent (file:///opt/homebrew/lib/node_modules/bobshell/bundle/bob.js:800:30115)
    at file:///opt/homebrew/lib/node_modules/bobshell/bundle/bob.js:2796:2057
    at Iz (file:///opt/homebrew/lib/node_modules/bobshell/bundle/bob.js:1636:1443)
    at nwe.generateContent (file:///opt/homebrew/lib/node_modules/bobshell/bundle/bob.js:2796:1885)
    at file:///opt/homebrew/lib/node_modules/bobshell/bundle/bob.js:4506:11268
    at Timeout._onTimeout (file:///opt/homebrew/lib/node_modules/bobshell/bundle/bob.js:4506:11894)
    at listOnTimeout (node:internal/timers:605:17)
================================================================================


================================================================================
ERROR LOGGED: 2026-06-03T04:23:59.506Z
User ID: cdmaestas@us.ibm.com
================================================================================
Error Name: Error
Error Message: not supported

Stack Trace:
Error: not supported
    at fnt.generateContent (file:///opt/homebrew/lib/node_modules/bobshell/bundle/bob.js:2151:526)
    at file:///opt/homebrew/lib/node_modules/bobshell/bundle/bob.js:800:30370
    at cR (file:///opt/homebrew/lib/node_modules/bobshell/bundle/bob.js:800:17196)
    at H6.generateContent (file:///opt/homebrew/lib/node_modules/bobshell/bundle/bob.js:800:30115)
    at file:///opt/homebrew/lib/node_modules/bobshell/bundle/bob.js:2796:2057
    at Iz (file:///opt/homebrew/lib/node_modules/bobshell/bundle/bob.js:1636:1443)
    at nwe.generateContent (file:///opt/homebrew/lib/node_modules/bobshell/bundle/bob.js:2796:1885)
    at file:///opt/homebrew/lib/node_modules/bobshell/bundle/bob.js:4506:11268
    at Timeout._onTimeout (file:///opt/homebrew/lib/node_modules/bobshell/bundle/bob.js:4506:11894)
    at listOnTimeout (node:internal/timers:605:17)
================================================================================


================================================================================
ERROR LOGGED: 2026-06-03T04:24:00.209Z
User ID: cdmaestas@us.ibm.com
================================================================================
Error Name: Error
Error Message: not supported

Stack Trace:
Error: not supported
    at fnt.generateContent (file:///opt/homebrew/lib/node_modules/bobshell/bundle/bob.js:2151:526)
    at file:///opt/homebrew/lib/node_modules/bobshell/bundle/bob.js:800:30370
    at cR (file:///opt/homebrew/lib/node_modules/bobshell/bundle/bob.js:800:17196)
    at H6.generateContent (file:///opt/homebrew/lib/node_modules/bobshell/bundle/bob.js:800:30115)
    at file:///opt/homebrew/lib/node_modules/bobshell/bundle/bob.js:2796:2057
    at Iz (file:///opt/homebrew/lib/node_modules/bobshell/bundle/bob.js:1636:1443)
    at nwe.generateContent (file:///opt/homebrew/lib/node_modules/bobshell/bundle/bob.js:2796:1885)
    at file:///opt/homebrew/lib/node_modules/bobshell/bundle/bob.js:4506:11268
    at Timeout._onTimeout (file:///opt/homebrew/lib/node_modules/bobshell/bundle/bob.js:4506:11894)
    at listOnTimeout (node:internal/timers:605:17)
================================================================================


================================================================================
ERROR LOGGED: 2026-06-03T04:27:14.969Z
User ID: cdmaestas@us.ibm.com
================================================================================
Error Name: Error
Error Message: not supported

Stack Trace:
Error: not supported
    at fnt.generateContent (file:///opt/homebrew/lib/node_modules/bobshell/bundle/bob.js:2151:526)
    at file:///opt/homebrew/lib/node_modules/bobshell/bundle/bob.js:800:30370
    at cR (file:///opt/homebrew/lib/node_modules/bobshell/bundle/bob.js:800:17196)
    at H6.generateContent (file:///opt/homebrew/lib/node_modules/bobshell/bundle/bob.js:800:30115)
    at file:///opt/homebrew/lib/node_modules/bobshell/bundle/bob.js:2796:2057
    at Iz (file:///opt/homebrew/lib/node_modules/bobshell/bundle/bob.js:1636:1443)
    at nwe.generateContent (file:///opt/homebrew/lib/node_modules/bobshell/bundle/bob.js:2796:1885)
    at file:///opt/homebrew/lib/node_modules/bobshell/bundle/bob.js:4506:11268
    at Timeout._onTimeout (file:///opt/homebrew/lib/node_modules/bobshell/bundle/bob.js:4506:11894)
    at listOnTimeout (node:internal/timers:605:17)
================================================================================


================================================================================
ERROR LOGGED: 2026-06-03T04:27:15.849Z
User ID: cdmaestas@us.ibm.com
================================================================================
Error Name: Error
Error Message: not supported

Stack Trace:
Error: not supported
    at fnt.generateContent (file:///opt/homebrew/lib/node_modules/bobshell/bundle/bob.js:2151:526)
    at file:///opt/homebrew/lib/node_modules/bobshell/bundle/bob.js:800:30370
    at cR (file:///opt/homebrew/lib/node_modules/bobshell/bundle/bob.js:800:17196)
    at H6.generateContent (file:///opt/homebrew/lib/node_modules/bobshell/bundle/bob.js:800:30115)
    at file:///opt/homebrew/lib/node_modules/bobshell/bundle/bob.js:2796:2057
    at Iz (file:///opt/homebrew/lib/node_modules/bobshell/bundle/bob.js:1636:1443)
    at nwe.generateContent (file:///opt/homebrew/lib/node_modules/bobshell/bundle/bob.js:2796:1885)
    at file:///opt/homebrew/lib/node_modules/bobshell/bundle/bob.js:4506:11268
    at Timeout._onTimeout (file:///opt/homebrew/lib/node_modules/bobshell/bundle/bob.js:4506:11894)
    at listOnTimeout (node:internal/timers:605:17)
================================================================================


================================================================================
ERROR LOGGED: 2026-06-03T04:27:17.556Z
User ID: cdmaestas@us.ibm.com
================================================================================
Error Name: Error
Error Message: not supported

Stack Trace:
Error: not supported
    at fnt.generateContent (file:///opt/homebrew/lib/node_modules/bobshell/bundle/bob.js:2151:526)
    at file:///opt/homebrew/lib/node_modules/bobshell/bundle/bob.js:800:30370
    at cR (file:///opt/homebrew/lib/node_modules/bobshell/bundle/bob.js:800:17196)
    at H6.generateContent (file:///opt/homebrew/lib/node_modules/bobshell/bundle/bob.js:800:30115)
    at file:///opt/homebrew/lib/node_modules/bobshell/bundle/bob.js:2796:2057
    at Iz (file:///opt/homebrew/lib/node_modules/bobshell/bundle/bob.js:1636:1443)
    at nwe.generateContent (file:///opt/homebrew/lib/node_modules/bobshell/bundle/bob.js:2796:1885)
    at file:///opt/homebrew/lib/node_modules/bobshell/bundle/bob.js:4506:11268
    at Timeout._onTimeout (file:///opt/homebrew/lib/node_modules/bobshell/bundle/bob.js:4506:11894)
    at listOnTimeout (node:internal/timers:605:17)
================================================================================


================================================================================
ERROR LOGGED: 2026-06-03T04:27:19.502Z
User ID: cdmaestas@us.ibm.com
================================================================================
Error Name: Error
Error Message: not supported

Stack Trace:
Error: not supported
    at fnt.generateContent (file:///opt/homebrew/lib/node_modules/bobshell/bundle/bob.js:2151:526)
    at file:///opt/homebrew/lib/node_modules/bobshell/bundle/bob.js:800:30370
    at cR (file:///opt/homebrew/lib/node_modules/bobshell/bundle/bob.js:800:17196)
    at H6.generateContent (file:///opt/homebrew/lib/node_modules/bobshell/bundle/bob.js:800:30115)
    at file:///opt/homebrew/lib/node_modules/bobshell/bundle/bob.js:2796:2057
    at Iz (file:///opt/homebrew/lib/node_modules/bobshell/bundle/bob.js:1636:1443)
    at nwe.generateContent (file:///opt/homebrew/lib/node_modules/bobshell/bundle/bob.js:2796:1885)
    at file:///opt/homebrew/lib/node_modules/bobshell/bundle/bob.js:4506:11268
    at Timeout._onTimeout (file:///opt/homebrew/lib/node_modules/bobshell/bundle/bob.js:4506:11894)
    at listOnTimeout (node:internal/timers:605:17)
================================================================================


================================================================================
ERROR LOGGED: 2026-06-03T04:27:21.992Z
User ID: cdmaestas@us.ibm.com
================================================================================
Error Name: Error
Error Message: not supported

Stack Trace:
Error: not supported
    at fnt.generateContent (file:///opt/homebrew/lib/node_modules/bobshell/bundle/bob.js:2151:526)
    at file:///opt/homebrew/lib/node_modules/bobshell/bundle/bob.js:800:30370
    at cR (file:///opt/homebrew/lib/node_modules/bobshell/bundle/bob.js:800:17196)
    at H6.generateContent (file:///opt/homebrew/lib/node_modules/bobshell/bundle/bob.js:800:30115)
    at file:///opt/homebrew/lib/node_modules/bobshell/bundle/bob.js:2796:2057
    at Iz (file:///opt/homebrew/lib/node_modules/bobshell/bundle/bob.js:1636:1443)
    at nwe.generateContent (file:///opt/homebrew/lib/node_modules/bobshell/bundle/bob.js:2796:1885)
    at file:///opt/homebrew/lib/node_modules/bobshell/bundle/bob.js:4506:11268
    at Timeout._onTimeout (file:///opt/homebrew/lib/node_modules/bobshell/bundle/bob.js:4506:11894)
    at listOnTimeout (node:internal/timers:605:17)
================================================================================


================================================================================
ERROR LOGGED: 2026-06-03T04:27:22.314Z
User ID: cdmaestas@us.ibm.com
================================================================================
Error Name: Error
Error Message: not supported

Stack Trace:
Error: not supported
    at fnt.generateContent (file:///opt/homebrew/lib/node_modules/bobshell/bundle/bob.js:2151:526)
    at file:///opt/homebrew/lib/node_modules/bobshell/bundle/bob.js:800:30370
    at cR (file:///opt/homebrew/lib/node_modules/bobshell/bundle/bob.js:800:17196)
    at H6.generateContent (file:///opt/homebrew/lib/node_modules/bobshell/bundle/bob.js:800:30115)
    at file:///opt/homebrew/lib/node_modules/bobshell/bundle/bob.js:2796:2057
    at Iz (file:///opt/homebrew/lib/node_modules/bobshell/bundle/bob.js:1636:1443)
    at nwe.generateContent (file:///opt/homebrew/lib/node_modules/bobshell/bundle/bob.js:2796:1885)
    at file:///opt/homebrew/lib/node_modules/bobshell/bundle/bob.js:4506:11268
    at Timeout._onTimeout (file:///opt/homebrew/lib/node_modules/bobshell/bundle/bob.js:4506:11894)
    at listOnTimeout (node:internal/timers:605:17)
================================================================================


================================================================================
ERROR LOGGED: 2026-06-03T04:33:55.097Z
User ID: cdmaestas@us.ibm.com
================================================================================
Error Name: Error
Error Message: not supported

Stack Trace:
Error: not supported
    at fnt.generateContent (file:///opt/homebrew/lib/node_modules/bobshell/bundle/bob.js:2151:526)
    at file:///opt/homebrew/lib/node_modules/bobshell/bundle/bob.js:800:30370
    at cR (file:///opt/homebrew/lib/node_modules/bobshell/bundle/bob.js:800:17196)
    at H6.generateContent (file:///opt/homebrew/lib/node_modules/bobshell/bundle/bob.js:800:30115)
    at file:///opt/homebrew/lib/node_modules/bobshell/bundle/bob.js:2796:2057
    at Iz (file:///opt/homebrew/lib/node_modules/bobshell/bundle/bob.js:1636:1443)
    at nwe.generateContent (file:///opt/homebrew/lib/node_modules/bobshell/bundle/bob.js:2796:1885)
    at file:///opt/homebrew/lib/node_modules/bobshell/bundle/bob.js:4506:11268
    at Timeout._onTimeout (file:///opt/homebrew/lib/node_modules/bobshell/bundle/bob.js:4506:11894)
    at listOnTimeout (node:internal/timers:605:17)
================================================================================


================================================================================
ERROR LOGGED: 2026-06-03T04:33:56.356Z
User ID: cdmaestas@us.ibm.com
================================================================================
Error Name: Error
Error Message: not supported

Stack Trace:
Error: not supported
    at fnt.generateContent (file:///opt/homebrew/lib/node_modules/bobshell/bundle/bob.js:2151:526)
    at file:///opt/homebrew/lib/node_modules/bobshell/bundle/bob.js:800:30370
    at cR (file:///opt/homebrew/lib/node_modules/bobshell/bundle/bob.js:800:17196)
    at H6.generateContent (file:///opt/homebrew/lib/node_modules/bobshell/bundle/bob.js:800:30115)
    at file:///opt/homebrew/lib/node_modules/bobshell/bundle/bob.js:2796:2057
    at Iz (file:///opt/homebrew/lib/node_modules/bobshell/bundle/bob.js:1636:1443)
    at nwe.generateContent (file:///opt/homebrew/lib/node_modules/bobshell/bundle/bob.js:2796:1885)
    at file:///opt/homebrew/lib/node_modules/bobshell/bundle/bob.js:4506:11268
    at Timeout._onTimeout (file:///opt/homebrew/lib/node_modules/bobshell/bundle/bob.js:4506:11894)
    at listOnTimeout (node:internal/timers:605:17)
================================================================================


================================================================================
ERROR LOGGED: 2026-06-03T04:33:56.973Z
User ID: cdmaestas@us.ibm.com
================================================================================
Error Name: Error
Error Message: not supported

Stack Trace:
Error: not supported
    at fnt.generateContent (file:///opt/homebrew/lib/node_modules/bobshell/bundle/bob.js:2151:526)
    at file:///opt/homebrew/lib/node_modules/bobshell/bundle/bob.js:800:30370
    at cR (file:///opt/homebrew/lib/node_modules/bobshell/bundle/bob.js:800:17196)
    at H6.generateContent (file:///opt/homebrew/lib/node_modules/bobshell/bundle/bob.js:800:30115)
    at file:///opt/homebrew/lib/node_modules/bobshell/bundle/bob.js:2796:2057
    at Iz (file:///opt/homebrew/lib/node_modules/bobshell/bundle/bob.js:1636:1443)
    at nwe.generateContent (file:///opt/homebrew/lib/node_modules/bobshell/bundle/bob.js:2796:1885)
    at file:///opt/homebrew/lib/node_modules/bobshell/bundle/bob.js:4506:11268
    at Timeout._onTimeout (file:///opt/homebrew/lib/node_modules/bobshell/bundle/bob.js:4506:11894)
    at listOnTimeout (node:internal/timers:605:17)
================================================================================


================================================================================
ERROR LOGGED: 2026-06-03T04:33:57.956Z
User ID: cdmaestas@us.ibm.com
================================================================================
Error Name: Error
Error Message: not supported

Stack Trace:
Error: not supported
    at fnt.generateContent (file:///opt/homebrew/lib/node_modules/bobshell/bundle/bob.js:2151:526)
    at file:///opt/homebrew/lib/node_modules/bobshell/bundle/bob.js:800:30370
    at cR (file:///opt/homebrew/lib/node_modules/bobshell/bundle/bob.js:800:17196)
    at H6.generateContent (file:///opt/homebrew/lib/node_modules/bobshell/bundle/bob.js:800:30115)
    at file:///opt/homebrew/lib/node_modules/bobshell/bundle/bob.js:2796:2057
    at Iz (file:///opt/homebrew/lib/node_modules/bobshell/bundle/bob.js:1636:1443)
    at nwe.generateContent (file:///opt/homebrew/lib/node_modules/bobshell/bundle/bob.js:2796:1885)
    at file:///opt/homebrew/lib/node_modules/bobshell/bundle/bob.js:4506:11268
    at Timeout._onTimeout (file:///opt/homebrew/lib/node_modules/bobshell/bundle/bob.js:4506:11894)
    at listOnTimeout (node:internal/timers:605:17)
================================================================================


================================================================================
ERROR LOGGED: 2026-06-03T04:34:08.347Z
User ID: cdmaestas@us.ibm.com
================================================================================
Error Name: Error
Error Message: not supported

Stack Trace:
Error: not supported
    at fnt.generateContent (file:///opt/homebrew/lib/node_modules/bobshell/bundle/bob.js:2151:526)
    at file:///opt/homebrew/lib/node_modules/bobshell/bundle/bob.js:800:30370
    at cR (file:///opt/homebrew/lib/node_modules/bobshell/bundle/bob.js:800:17196)
    at H6.generateContent (file:///opt/homebrew/lib/node_modules/bobshell/bundle/bob.js:800:30115)
    at file:///opt/homebrew/lib/node_modules/bobshell/bundle/bob.js:2796:2057
    at Iz (file:///opt/homebrew/lib/node_modules/bobshell/bundle/bob.js:1636:1443)
    at nwe.generateContent (file:///opt/homebrew/lib/node_modules/bobshell/bundle/bob.js:2796:1885)
    at file:///opt/homebrew/lib/node_modules/bobshell/bundle/bob.js:4506:11268
    at Timeout._onTimeout (file:///opt/homebrew/lib/node_modules/bobshell/bundle/bob.js:4506:11894)
    at listOnTimeout (node:internal/timers:605:17)
================================================================================


================================================================================
ERROR LOGGED: 2026-06-03T04:34:09.494Z
User ID: cdmaestas@us.ibm.com
================================================================================
Error Name: Error
Error Message: not supported

Stack Trace:
Error: not supported
    at fnt.generateContent (file:///opt/homebrew/lib/node_modules/bobshell/bundle/bob.js:2151:526)
    at file:///opt/homebrew/lib/node_modules/bobshell/bundle/bob.js:800:30370
    at cR (file:///opt/homebrew/lib/node_modules/bobshell/bundle/bob.js:800:17196)
    at H6.generateContent (file:///opt/homebrew/lib/node_modules/bobshell/bundle/bob.js:800:30115)
    at file:///opt/homebrew/lib/node_modules/bobshell/bundle/bob.js:2796:2057
    at Iz (file:///opt/homebrew/lib/node_modules/bobshell/bundle/bob.js:1636:1443)
    at nwe.generateContent (file:///opt/homebrew/lib/node_modules/bobshell/bundle/bob.js:2796:1885)
    at file:///opt/homebrew/lib/node_modules/bobshell/bundle/bob.js:4506:11268
    at Timeout._onTimeout (file:///opt/homebrew/lib/node_modules/bobshell/bundle/bob.js:4506:11894)
    at listOnTimeout (node:internal/timers:605:17)
================================================================================


================================================================================
ERROR LOGGED: 2026-06-03T04:34:14.004Z
User ID: cdmaestas@us.ibm.com
================================================================================
Error Name: Error
Error Message: not supported

Stack Trace:
Error: not supported
    at fnt.generateContent (file:///opt/homebrew/lib/node_modules/bobshell/bundle/bob.js:2151:526)
    at file:///opt/homebrew/lib/node_modules/bobshell/bundle/bob.js:800:30370
    at cR (file:///opt/homebrew/lib/node_modules/bobshell/bundle/bob.js:800:17196)
    at H6.generateContent (file:///opt/homebrew/lib/node_modules/bobshell/bundle/bob.js:800:30115)
    at file:///opt/homebrew/lib/node_modules/bobshell/bundle/bob.js:2796:2057
    at Iz (file:///opt/homebrew/lib/node_modules/bobshell/bundle/bob.js:1636:1443)
    at nwe.generateContent (file:///opt/homebrew/lib/node_modules/bobshell/bundle/bob.js:2796:1885)
    at file:///opt/homebrew/lib/node_modules/bobshell/bundle/bob.js:4506:11268
    at Timeout._onTimeout (file:///opt/homebrew/lib/node_modules/bobshell/bundle/bob.js:4506:11894)
    at listOnTimeout (node:internal/timers:605:17)
================================================================================


================================================================================
ERROR LOGGED: 2026-06-03T04:34:14.773Z
User ID: cdmaestas@us.ibm.com
================================================================================
Error Name: Error
Error Message: not supported

Stack Trace:
Error: not supported
    at fnt.generateContent (file:///opt/homebrew/lib/node_modules/bobshell/bundle/bob.js:2151:526)
    at file:///opt/homebrew/lib/node_modules/bobshell/bundle/bob.js:800:30370
    at cR (file:///opt/homebrew/lib/node_modules/bobshell/bundle/bob.js:800:17196)
    at H6.generateContent (file:///opt/homebrew/lib/node_modules/bobshell/bundle/bob.js:800:30115)
    at file:///opt/homebrew/lib/node_modules/bobshell/bundle/bob.js:2796:2057
    at Iz (file:///opt/homebrew/lib/node_modules/bobshell/bundle/bob.js:1636:1443)
    at nwe.generateContent (file:///opt/homebrew/lib/node_modules/bobshell/bundle/bob.js:2796:1885)
    at file:///opt/homebrew/lib/node_modules/bobshell/bundle/bob.js:4506:11268
    at Timeout._onTimeout (file:///opt/homebrew/lib/node_modules/bobshell/bundle/bob.js:4506:11894)
    at listOnTimeout (node:internal/timers:605:17)
================================================================================


================================================================================
ERROR LOGGED: 2026-06-03T04:34:15.296Z
User ID: cdmaestas@us.ibm.com
================================================================================
Error Name: Error
Error Message: not supported

Stack Trace:
Error: not supported
    at fnt.generateContent (file:///opt/homebrew/lib/node_modules/bobshell/bundle/bob.js:2151:526)
    at file:///opt/homebrew/lib/node_modules/bobshell/bundle/bob.js:800:30370
    at cR (file:///opt/homebrew/lib/node_modules/bobshell/bundle/bob.js:800:17196)
    at H6.generateContent (file:///opt/homebrew/lib/node_modules/bobshell/bundle/bob.js:800:30115)
    at file:///opt/homebrew/lib/node_modules/bobshell/bundle/bob.js:2796:2057
    at Iz (file:///opt/homebrew/lib/node_modules/bobshell/bundle/bob.js:1636:1443)
    at nwe.generateContent (file:///opt/homebrew/lib/node_modules/bobshell/bundle/bob.js:2796:1885)
    at file:///opt/homebrew/lib/node_modules/bobshell/bundle/bob.js:4506:11268
    at Timeout._onTimeout (file:///opt/homebrew/lib/node_modules/bobshell/bundle/bob.js:4506:11894)
    at listOnTimeout (node:internal/timers:605:17)
================================================================================


================================================================================
ERROR LOGGED: 2026-06-03T04:34:17.959Z
User ID: cdmaestas@us.ibm.com
================================================================================
Error Name: Error
Error Message: not supported

Stack Trace:
Error: not supported
    at fnt.generateContent (file:///opt/homebrew/lib/node_modules/bobshell/bundle/bob.js:2151:526)
    at file:///opt/homebrew/lib/node_modules/bobshell/bundle/bob.js:800:30370
    at cR (file:///opt/homebrew/lib/node_modules/bobshell/bundle/bob.js:800:17196)
    at H6.generateContent (file:///opt/homebrew/lib/node_modules/bobshell/bundle/bob.js:800:30115)
    at file:///opt/homebrew/lib/node_modules/bobshell/bundle/bob.js:2796:2057
    at Iz (file:///opt/homebrew/lib/node_modules/bobshell/bundle/bob.js:1636:1443)
    at nwe.generateContent (file:///opt/homebrew/lib/node_modules/bobshell/bundle/bob.js:2796:1885)
    at file:///opt/homebrew/lib/node_modules/bobshell/bundle/bob.js:4506:11268
    at Timeout._onTimeout (file:///opt/homebrew/lib/node_modules/bobshell/bundle/bob.js:4506:11894)
    at listOnTimeout (node:internal/timers:605:17)
================================================================================


================================================================================
ERROR LOGGED: 2026-06-03T04:34:21.881Z
User ID: cdmaestas@us.ibm.com
================================================================================
Error Name: Error
Error Message: not supported

Stack Trace:
Error: not supported
    at fnt.generateContent (file:///opt/homebrew/lib/node_modules/bobshell/bundle/bob.js:2151:526)
    at file:///opt/homebrew/lib/node_modules/bobshell/bundle/bob.js:800:30370
    at cR (file:///opt/homebrew/lib/node_modules/bobshell/bundle/bob.js:800:17196)
    at H6.generateContent (file:///opt/homebrew/lib/node_modules/bobshell/bundle/bob.js:800:30115)
    at file:///opt/homebrew/lib/node_modules/bobshell/bundle/bob.js:2796:2057
    at Iz (file:///opt/homebrew/lib/node_modules/bobshell/bundle/bob.js:1636:1443)
    at nwe.generateContent (file:///opt/homebrew/lib/node_modules/bobshell/bundle/bob.js:2796:1885)
    at file:///opt/homebrew/lib/node_modules/bobshell/bundle/bob.js:4506:11268
    at Timeout._onTimeout (file:///opt/homebrew/lib/node_modules/bobshell/bundle/bob.js:4506:11894)
    at listOnTimeout (node:internal/timers:605:17)
================================================================================


================================================================================
ERROR LOGGED: 2026-06-03T04:34:22.790Z
User ID: cdmaestas@us.ibm.com
================================================================================
Error Name: Error
Error Message: not supported

Stack Trace:
Error: not supported
    at fnt.generateContent (file:///opt/homebrew/lib/node_modules/bobshell/bundle/bob.js:2151:526)
    at file:///opt/homebrew/lib/node_modules/bobshell/bundle/bob.js:800:30370
    at cR (file:///opt/homebrew/lib/node_modules/bobshell/bundle/bob.js:800:17196)
    at H6.generateContent (file:///opt/homebrew/lib/node_modules/bobshell/bundle/bob.js:800:30115)
    at file:///opt/homebrew/lib/node_modules/bobshell/bundle/bob.js:2796:2057
    at Iz (file:///opt/homebrew/lib/node_modules/bobshell/bundle/bob.js:1636:1443)
    at nwe.generateContent (file:///opt/homebrew/lib/node_modules/bobshell/bundle/bob.js:2796:1885)
    at file:///opt/homebrew/lib/node_modules/bobshell/bundle/bob.js:4506:11268
    at Timeout._onTimeout (file:///opt/homebrew/lib/node_modules/bobshell/bundle/bob.js:4506:11894)
    at listOnTimeout (node:internal/timers:605:17)
================================================================================


================================================================================
ERROR LOGGED: 2026-06-03T04:34:23.246Z
User ID: cdmaestas@us.ibm.com
================================================================================
Error Name: Error
Error Message: not supported

Stack Trace:
Error: not supported
    at fnt.generateContent (file:///opt/homebrew/lib/node_modules/bobshell/bundle/bob.js:2151:526)
    at file:///opt/homebrew/lib/node_modules/bobshell/bundle/bob.js:800:30370
    at cR (file:///opt/homebrew/lib/node_modules/bobshell/bundle/bob.js:800:17196)
    at H6.generateContent (file:///opt/homebrew/lib/node_modules/bobshell/bundle/bob.js:800:30115)
    at file:///opt/homebrew/lib/node_modules/bobshell/bundle/bob.js:2796:2057
    at Iz (file:///opt/homebrew/lib/node_modules/bobshell/bundle/bob.js:1636:1443)
    at nwe.generateContent (file:///opt/homebrew/lib/node_modules/bobshell/bundle/bob.js:2796:1885)
    at file:///opt/homebrew/lib/node_modules/bobshell/bundle/bob.js:4506:11268
    at Timeout._onTimeout (file:///opt/homebrew/lib/node_modules/bobshell/bundle/bob.js:4506:11894)
    at listOnTimeout (node:internal/timers:605:17)
================================================================================


================================================================================
ERROR LOGGED: 2026-06-03T04:34:35.557Z
User ID: cdmaestas@us.ibm.com
================================================================================
Error Name: Error
Error Message: not supported

Stack Trace:
Error: not supported
    at fnt.generateContent (file:///opt/homebrew/lib/node_modules/bobshell/bundle/bob.js:2151:526)
    at file:///opt/homebrew/lib/node_modules/bobshell/bundle/bob.js:800:30370
    at cR (file:///opt/homebrew/lib/node_modules/bobshell/bundle/bob.js:800:17196)
    at H6.generateContent (file:///opt/homebrew/lib/node_modules/bobshell/bundle/bob.js:800:30115)
    at file:///opt/homebrew/lib/node_modules/bobshell/bundle/bob.js:2796:2057
    at Iz (file:///opt/homebrew/lib/node_modules/bobshell/bundle/bob.js:1636:1443)
    at nwe.generateContent (file:///opt/homebrew/lib/node_modules/bobshell/bundle/bob.js:2796:1885)
    at file:///opt/homebrew/lib/node_modules/bobshell/bundle/bob.js:4506:11268
    at Timeout._onTimeout (file:///opt/homebrew/lib/node_modules/bobshell/bundle/bob.js:4506:11894)
    at listOnTimeout (node:internal/timers:605:17)
================================================================================


================================================================================
ERROR LOGGED: 2026-06-03T04:34:38.807Z
User ID: cdmaestas@us.ibm.com
================================================================================
Error Name: Error
Error Message: not supported

Stack Trace:
Error: not supported
    at fnt.generateContent (file:///opt/homebrew/lib/node_modules/bobshell/bundle/bob.js:2151:526)
    at file:///opt/homebrew/lib/node_modules/bobshell/bundle/bob.js:800:30370
    at cR (file:///opt/homebrew/lib/node_modules/bobshell/bundle/bob.js:800:17196)
    at H6.generateContent (file:///opt/homebrew/lib/node_modules/bobshell/bundle/bob.js:800:30115)
    at file:///opt/homebrew/lib/node_modules/bobshell/bundle/bob.js:2796:2057
    at Iz (file:///opt/homebrew/lib/node_modules/bobshell/bundle/bob.js:1636:1443)
    at nwe.generateContent (file:///opt/homebrew/lib/node_modules/bobshell/bundle/bob.js:2796:1885)
    at file:///opt/homebrew/lib/node_modules/bobshell/bundle/bob.js:4506:11268
    at Timeout._onTimeout (file:///opt/homebrew/lib/node_modules/bobshell/bundle/bob.js:4506:11894)
    at listOnTimeout (node:internal/timers:605:17)
================================================================================


================================================================================
ERROR LOGGED: 2026-06-03T04:34:39.682Z
User ID: cdmaestas@us.ibm.com
================================================================================
Error Name: Error
Error Message: not supported

Stack Trace:
Error: not supported
    at fnt.generateContent (file:///opt/homebrew/lib/node_modules/bobshell/bundle/bob.js:2151:526)
    at file:///opt/homebrew/lib/node_modules/bobshell/bundle/bob.js:800:30370
    at cR (file:///opt/homebrew/lib/node_modules/bobshell/bundle/bob.js:800:17196)
    at H6.generateContent (file:///opt/homebrew/lib/node_modules/bobshell/bundle/bob.js:800:30115)
    at file:///opt/homebrew/lib/node_modules/bobshell/bundle/bob.js:2796:2057
    at Iz (file:///opt/homebrew/lib/node_modules/bobshell/bundle/bob.js:1636:1443)
    at nwe.generateContent (file:///opt/homebrew/lib/node_modules/bobshell/bundle/bob.js:2796:1885)
    at file:///opt/homebrew/lib/node_modules/bobshell/bundle/bob.js:4506:11268
    at Timeout._onTimeout (file:///opt/homebrew/lib/node_modules/bobshell/bundle/bob.js:4506:11894)
    at listOnTimeout (node:internal/timers:605:17)
================================================================================


================================================================================
ERROR LOGGED: 2026-06-03T04:34:42.437Z
User ID: cdmaestas@us.ibm.com
================================================================================
Error Name: Error
Error Message: not supported

Stack Trace:
Error: not supported
    at fnt.generateContent (file:///opt/homebrew/lib/node_modules/bobshell/bundle/bob.js:2151:526)
    at file:///opt/homebrew/lib/node_modules/bobshell/bundle/bob.js:800:30370
    at cR (file:///opt/homebrew/lib/node_modules/bobshell/bundle/bob.js:800:17196)
    at H6.generateContent (file:///opt/homebrew/lib/node_modules/bobshell/bundle/bob.js:800:30115)
    at file:///opt/homebrew/lib/node_modules/bobshell/bundle/bob.js:2796:2057
    at Iz (file:///opt/homebrew/lib/node_modules/bobshell/bundle/bob.js:1636:1443)
    at nwe.generateContent (file:///opt/homebrew/lib/node_modules/bobshell/bundle/bob.js:2796:1885)
    at file:///opt/homebrew/lib/node_modules/bobshell/bundle/bob.js:4506:11268
    at Timeout._onTimeout (file:///opt/homebrew/lib/node_modules/bobshell/bundle/bob.js:4506:11894)
    at listOnTimeout (node:internal/timers:605:17)
================================================================================


================================================================================
ERROR LOGGED: 2026-06-03T04:44:21.983Z
User ID: cdmaestas@us.ibm.com
================================================================================
Error Name: Error
Error Message: not supported

Stack Trace:
Error: not supported
    at fnt.generateContent (file:///opt/homebrew/lib/node_modules/bobshell/bundle/bob.js:2151:526)
    at file:///opt/homebrew/lib/node_modules/bobshell/bundle/bob.js:800:30370
    at cR (file:///opt/homebrew/lib/node_modules/bobshell/bundle/bob.js:800:17196)
    at H6.generateContent (file:///opt/homebrew/lib/node_modules/bobshell/bundle/bob.js:800:30115)
    at file:///opt/homebrew/lib/node_modules/bobshell/bundle/bob.js:2796:2057
    at Iz (file:///opt/homebrew/lib/node_modules/bobshell/bundle/bob.js:1636:1443)
    at nwe.generateContent (file:///opt/homebrew/lib/node_modules/bobshell/bundle/bob.js:2796:1885)
    at file:///opt/homebrew/lib/node_modules/bobshell/bundle/bob.js:4506:11268
    at Timeout._onTimeout (file:///opt/homebrew/lib/node_modules/bobshell/bundle/bob.js:4506:11894)
    at listOnTimeout (node:internal/timers:605:17)
================================================================================


================================================================================
ERROR LOGGED: 2026-06-03T04:44:23.936Z
User ID: cdmaestas@us.ibm.com
================================================================================
Error Name: Error
Error Message: not supported

Stack Trace:
Error: not supported
    at fnt.generateContent (file:///opt/homebrew/lib/node_modules/bobshell/bundle/bob.js:2151:526)
    at file:///opt/homebrew/lib/node_modules/bobshell/bundle/bob.js:800:30370
    at cR (file:///opt/homebrew/lib/node_modules/bobshell/bundle/bob.js:800:17196)
    at H6.generateContent (file:///opt/homebrew/lib/node_modules/bobshell/bundle/bob.js:800:30115)
    at file:///opt/homebrew/lib/node_modules/bobshell/bundle/bob.js:2796:2057
    at Iz (file:///opt/homebrew/lib/node_modules/bobshell/bundle/bob.js:1636:1443)
    at nwe.generateContent (file:///opt/homebrew/lib/node_modules/bobshell/bundle/bob.js:2796:1885)
    at file:///opt/homebrew/lib/node_modules/bobshell/bundle/bob.js:4506:11268
    at Timeout._onTimeout (file:///opt/homebrew/lib/node_modules/bobshell/bundle/bob.js:4506:11894)
    at listOnTimeout (node:internal/timers:605:17)
================================================================================


================================================================================
ERROR LOGGED: 2026-06-03T04:44:27.174Z
User ID: cdmaestas@us.ibm.com
================================================================================
Error Name: Error
Error Message: not supported

Stack Trace:
Error: not supported
    at fnt.generateContent (file:///opt/homebrew/lib/node_modules/bobshell/bundle/bob.js:2151:526)
    at file:///opt/homebrew/lib/node_modules/bobshell/bundle/bob.js:800:30370
    at cR (file:///opt/homebrew/lib/node_modules/bobshell/bundle/bob.js:800:17196)
    at H6.generateContent (file:///opt/homebrew/lib/node_modules/bobshell/bundle/bob.js:800:30115)
    at file:///opt/homebrew/lib/node_modules/bobshell/bundle/bob.js:2796:2057
    at Iz (file:///opt/homebrew/lib/node_modules/bobshell/bundle/bob.js:1636:1443)
    at nwe.generateContent (file:///opt/homebrew/lib/node_modules/bobshell/bundle/bob.js:2796:1885)
    at file:///opt/homebrew/lib/node_modules/bobshell/bundle/bob.js:4506:11268
    at Timeout._onTimeout (file:///opt/homebrew/lib/node_modules/bobshell/bundle/bob.js:4506:11894)
    at listOnTimeout (node:internal/timers:605:17)
================================================================================


================================================================================
ERROR LOGGED: 2026-06-03T04:44:29.732Z
User ID: cdmaestas@us.ibm.com
================================================================================
Error Name: Error
Error Message: not supported

Stack Trace:
Error: not supported
    at fnt.generateContent (file:///opt/homebrew/lib/node_modules/bobshell/bundle/bob.js:2151:526)
    at file:///opt/homebrew/lib/node_modules/bobshell/bundle/bob.js:800:30370
    at cR (file:///opt/homebrew/lib/node_modules/bobshell/bundle/bob.js:800:17196)
    at H6.generateContent (file:///opt/homebrew/lib/node_modules/bobshell/bundle/bob.js:800:30115)
    at file:///opt/homebrew/lib/node_modules/bobshell/bundle/bob.js:2796:2057
    at Iz (file:///opt/homebrew/lib/node_modules/bobshell/bundle/bob.js:1636:1443)
    at nwe.generateContent (file:///opt/homebrew/lib/node_modules/bobshell/bundle/bob.js:2796:1885)
    at file:///opt/homebrew/lib/node_modules/bobshell/bundle/bob.js:4506:11268
    at Timeout._onTimeout (file:///opt/homebrew/lib/node_modules/bobshell/bundle/bob.js:4506:11894)
    at listOnTimeout (node:internal/timers:605:17)
================================================================================


================================================================================
ERROR LOGGED: 2026-06-03T04:44:41.673Z
User ID: cdmaestas@us.ibm.com
================================================================================
Error Name: Error
Error Message: not supported

Stack Trace:
Error: not supported
    at fnt.generateContent (file:///opt/homebrew/lib/node_modules/bobshell/bundle/bob.js:2151:526)
    at file:///opt/homebrew/lib/node_modules/bobshell/bundle/bob.js:800:30370
    at cR (file:///opt/homebrew/lib/node_modules/bobshell/bundle/bob.js:800:17196)
    at H6.generateContent (file:///opt/homebrew/lib/node_modules/bobshell/bundle/bob.js:800:30115)
    at file:///opt/homebrew/lib/node_modules/bobshell/bundle/bob.js:2796:2057
    at Iz (file:///opt/homebrew/lib/node_modules/bobshell/bundle/bob.js:1636:1443)
    at nwe.generateContent (file:///opt/homebrew/lib/node_modules/bobshell/bundle/bob.js:2796:1885)
    at file:///opt/homebrew/lib/node_modules/bobshell/bundle/bob.js:4506:11268
    at Timeout._onTimeout (file:///opt/homebrew/lib/node_modules/bobshell/bundle/bob.js:4506:11894)
    at listOnTimeout (node:internal/timers:605:17)
================================================================================


================================================================================
ERROR LOGGED: 2026-06-03T04:44:46.570Z
User ID: cdmaestas@us.ibm.com
================================================================================
Error Name: Error
Error Message: not supported

Stack Trace:
Error: not supported
    at fnt.generateContent (file:///opt/homebrew/lib/node_modules/bobshell/bundle/bob.js:2151:526)
    at file:///opt/homebrew/lib/node_modules/bobshell/bundle/bob.js:800:30370
    at cR (file:///opt/homebrew/lib/node_modules/bobshell/bundle/bob.js:800:17196)
    at H6.generateContent (file:///opt/homebrew/lib/node_modules/bobshell/bundle/bob.js:800:30115)
    at file:///opt/homebrew/lib/node_modules/bobshell/bundle/bob.js:2796:2057
    at Iz (file:///opt/homebrew/lib/node_modules/bobshell/bundle/bob.js:1636:1443)
    at nwe.generateContent (file:///opt/homebrew/lib/node_modules/bobshell/bundle/bob.js:2796:1885)
    at file:///opt/homebrew/lib/node_modules/bobshell/bundle/bob.js:4506:11268
    at Timeout._onTimeout (file:///opt/homebrew/lib/node_modules/bobshell/bundle/bob.js:4506:11894)
    at listOnTimeout (node:internal/timers:605:17)
================================================================================


================================================================================
ERROR LOGGED: 2026-06-03T04:44:48.482Z
User ID: cdmaestas@us.ibm.com
================================================================================
Error Name: Error
Error Message: not supported

Stack Trace:
Error: not supported
    at fnt.generateContent (file:///opt/homebrew/lib/node_modules/bobshell/bundle/bob.js:2151:526)
    at file:///opt/homebrew/lib/node_modules/bobshell/bundle/bob.js:800:30370
    at cR (file:///opt/homebrew/lib/node_modules/bobshell/bundle/bob.js:800:17196)
    at H6.generateContent (file:///opt/homebrew/lib/node_modules/bobshell/bundle/bob.js:800:30115)
    at file:///opt/homebrew/lib/node_modules/bobshell/bundle/bob.js:2796:2057
    at Iz (file:///opt/homebrew/lib/node_modules/bobshell/bundle/bob.js:1636:1443)
    at nwe.generateContent (file:///opt/homebrew/lib/node_modules/bobshell/bundle/bob.js:2796:1885)
    at file:///opt/homebrew/lib/node_modules/bobshell/bundle/bob.js:4506:11268
    at Timeout._onTimeout (file:///opt/homebrew/lib/node_modules/bobshell/bundle/bob.js:4506:11894)
    at listOnTimeout (node:internal/timers:605:17)
================================================================================


================================================================================
ERROR LOGGED: 2026-06-03T04:44:50.304Z
User ID: cdmaestas@us.ibm.com
================================================================================
Error Name: Error
Error Message: not supported

Stack Trace:
Error: not supported
    at fnt.generateContent (file:///opt/homebrew/lib/node_modules/bobshell/bundle/bob.js:2151:526)
    at file:///opt/homebrew/lib/node_modules/bobshell/bundle/bob.js:800:30370
    at cR (file:///opt/homebrew/lib/node_modules/bobshell/bundle/bob.js:800:17196)
    at H6.generateContent (file:///opt/homebrew/lib/node_modules/bobshell/bundle/bob.js:800:30115)
    at file:///opt/homebrew/lib/node_modules/bobshell/bundle/bob.js:2796:2057
    at Iz (file:///opt/homebrew/lib/node_modules/bobshell/bundle/bob.js:1636:1443)
    at nwe.generateContent (file:///opt/homebrew/lib/node_modules/bobshell/bundle/bob.js:2796:1885)
    at file:///opt/homebrew/lib/node_modules/bobshell/bundle/bob.js:4506:11268
    at Timeout._onTimeout (file:///opt/homebrew/lib/node_modules/bobshell/bundle/bob.js:4506:11894)
    at listOnTimeout (node:internal/timers:605:17)
================================================================================


================================================================================
ERROR LOGGED: 2026-06-03T04:45:40.474Z
User ID: cdmaestas@us.ibm.com
================================================================================
Error Name: Error
Error Message: not supported

Stack Trace:
Error: not supported
    at fnt.generateContent (file:///opt/homebrew/lib/node_modules/bobshell/bundle/bob.js:2151:526)
    at file:///opt/homebrew/lib/node_modules/bobshell/bundle/bob.js:800:30370
    at cR (file:///opt/homebrew/lib/node_modules/bobshell/bundle/bob.js:800:17196)
    at H6.generateContent (file:///opt/homebrew/lib/node_modules/bobshell/bundle/bob.js:800:30115)
    at file:///opt/homebrew/lib/node_modules/bobshell/bundle/bob.js:2796:2057
    at Iz (file:///opt/homebrew/lib/node_modules/bobshell/bundle/bob.js:1636:1443)
    at nwe.generateContent (file:///opt/homebrew/lib/node_modules/bobshell/bundle/bob.js:2796:1885)
    at file:///opt/homebrew/lib/node_modules/bobshell/bundle/bob.js:4506:11268
    at Timeout._onTimeout (file:///opt/homebrew/lib/node_modules/bobshell/bundle/bob.js:4506:11894)
    at listOnTimeout (node:internal/timers:605:17)
================================================================================


================================================================================
ERROR LOGGED: 2026-06-03T04:45:41.768Z
User ID: cdmaestas@us.ibm.com
================================================================================
Error Name: Error
Error Message: not supported

Stack Trace:
Error: not supported
    at fnt.generateContent (file:///opt/homebrew/lib/node_modules/bobshell/bundle/bob.js:2151:526)
    at file:///opt/homebrew/lib/node_modules/bobshell/bundle/bob.js:800:30370
    at cR (file:///opt/homebrew/lib/node_modules/bobshell/bundle/bob.js:800:17196)
    at H6.generateContent (file:///opt/homebrew/lib/node_modules/bobshell/bundle/bob.js:800:30115)
    at file:///opt/homebrew/lib/node_modules/bobshell/bundle/bob.js:2796:2057
    at Iz (file:///opt/homebrew/lib/node_modules/bobshell/bundle/bob.js:1636:1443)
    at nwe.generateContent (file:///opt/homebrew/lib/node_modules/bobshell/bundle/bob.js:2796:1885)
    at file:///opt/homebrew/lib/node_modules/bobshell/bundle/bob.js:4506:11268
    at Timeout._onTimeout (file:///opt/homebrew/lib/node_modules/bobshell/bundle/bob.js:4506:11894)
    at listOnTimeout (node:internal/timers:605:17)
================================================================================


================================================================================
ERROR LOGGED: 2026-06-03T04:45:42.082Z
User ID: cdmaestas@us.ibm.com
================================================================================
Error Name: Error
Error Message: not supported

Stack Trace:
Error: not supported
    at fnt.generateContent (file:///opt/homebrew/lib/node_modules/bobshell/bundle/bob.js:2151:526)
    at file:///opt/homebrew/lib/node_modules/bobshell/bundle/bob.js:800:30370
    at cR (file:///opt/homebrew/lib/node_modules/bobshell/bundle/bob.js:800:17196)
    at H6.generateContent (file:///opt/homebrew/lib/node_modules/bobshell/bundle/bob.js:800:30115)
    at file:///opt/homebrew/lib/node_modules/bobshell/bundle/bob.js:2796:2057
    at Iz (file:///opt/homebrew/lib/node_modules/bobshell/bundle/bob.js:1636:1443)
    at nwe.generateContent (file:///opt/homebrew/lib/node_modules/bobshell/bundle/bob.js:2796:1885)
    at file:///opt/homebrew/lib/node_modules/bobshell/bundle/bob.js:4506:11268
    at Timeout._onTimeout (file:///opt/homebrew/lib/node_modules/bobshell/bundle/bob.js:4506:11894)
    at listOnTimeout (node:internal/timers:605:17)
================================================================================


================================================================================
ERROR LOGGED: 2026-06-03T04:45:44.772Z
User ID: cdmaestas@us.ibm.com
================================================================================
Error Name: Error
Error Message: not supported

Stack Trace:
Error: not supported
    at fnt.generateContent (file:///opt/homebrew/lib/node_modules/bobshell/bundle/bob.js:2151:526)
    at file:///opt/homebrew/lib/node_modules/bobshell/bundle/bob.js:800:30370
    at cR (file:///opt/homebrew/lib/node_modules/bobshell/bundle/bob.js:800:17196)
    at H6.generateContent (file:///opt/homebrew/lib/node_modules/bobshell/bundle/bob.js:800:30115)
    at file:///opt/homebrew/lib/node_modules/bobshell/bundle/bob.js:2796:2057
    at Iz (file:///opt/homebrew/lib/node_modules/bobshell/bundle/bob.js:1636:1443)
    at nwe.generateContent (file:///opt/homebrew/lib/node_modules/bobshell/bundle/bob.js:2796:1885)
    at file:///opt/homebrew/lib/node_modules/bobshell/bundle/bob.js:4506:11268
    at Timeout._onTimeout (file:///opt/homebrew/lib/node_modules/bobshell/bundle/bob.js:4506:11894)
    at listOnTimeout (node:internal/timers:605:17)
================================================================================


================================================================================
ERROR LOGGED: 2026-06-03T04:45:45.323Z
User ID: cdmaestas@us.ibm.com
================================================================================
Error Name: Error
Error Message: not supported

Stack Trace:
Error: not supported
    at fnt.generateContent (file:///opt/homebrew/lib/node_modules/bobshell/bundle/bob.js:2151:526)
    at file:///opt/homebrew/lib/node_modules/bobshell/bundle/bob.js:800:30370
    at cR (file:///opt/homebrew/lib/node_modules/bobshell/bundle/bob.js:800:17196)
    at H6.generateContent (file:///opt/homebrew/lib/node_modules/bobshell/bundle/bob.js:800:30115)
    at file:///opt/homebrew/lib/node_modules/bobshell/bundle/bob.js:2796:2057
    at Iz (file:///opt/homebrew/lib/node_modules/bobshell/bundle/bob.js:1636:1443)
    at nwe.generateContent (file:///opt/homebrew/lib/node_modules/bobshell/bundle/bob.js:2796:1885)
    at file:///opt/homebrew/lib/node_modules/bobshell/bundle/bob.js:4506:11268
    at Timeout._onTimeout (file:///opt/homebrew/lib/node_modules/bobshell/bundle/bob.js:4506:11894)
    at listOnTimeout (node:internal/timers:605:17)
================================================================================


================================================================================
ERROR LOGGED: 2026-06-03T04:45:48.458Z
User ID: cdmaestas@us.ibm.com
================================================================================
Error Name: Error
Error Message: not supported

Stack Trace:
Error: not supported
    at fnt.generateContent (file:///opt/homebrew/lib/node_modules/bobshell/bundle/bob.js:2151:526)
    at file:///opt/homebrew/lib/node_modules/bobshell/bundle/bob.js:800:30370
    at cR (file:///opt/homebrew/lib/node_modules/bobshell/bundle/bob.js:800:17196)
    at H6.generateContent (file:///opt/homebrew/lib/node_modules/bobshell/bundle/bob.js:800:30115)
    at file:///opt/homebrew/lib/node_modules/bobshell/bundle/bob.js:2796:2057
    at Iz (file:///opt/homebrew/lib/node_modules/bobshell/bundle/bob.js:1636:1443)
    at nwe.generateContent (file:///opt/homebrew/lib/node_modules/bobshell/bundle/bob.js:2796:1885)
    at file:///opt/homebrew/lib/node_modules/bobshell/bundle/bob.js:4506:11268
    at Timeout._onTimeout (file:///opt/homebrew/lib/node_modules/bobshell/bundle/bob.js:4506:11894)
    at listOnTimeout (node:internal/timers:605:17)
================================================================================


================================================================================
ERROR LOGGED: 2026-06-03T04:45:50.480Z
User ID: cdmaestas@us.ibm.com
================================================================================
Error Name: Error
Error Message: not supported

Stack Trace:
Error: not supported
    at fnt.generateContent (file:///opt/homebrew/lib/node_modules/bobshell/bundle/bob.js:2151:526)
    at file:///opt/homebrew/lib/node_modules/bobshell/bundle/bob.js:800:30370
    at cR (file:///opt/homebrew/lib/node_modules/bobshell/bundle/bob.js:800:17196)
    at H6.generateContent (file:///opt/homebrew/lib/node_modules/bobshell/bundle/bob.js:800:30115)
    at file:///opt/homebrew/lib/node_modules/bobshell/bundle/bob.js:2796:2057
    at Iz (file:///opt/homebrew/lib/node_modules/bobshell/bundle/bob.js:1636:1443)
    at nwe.generateContent (file:///opt/homebrew/lib/node_modules/bobshell/bundle/bob.js:2796:1885)
    at file:///opt/homebrew/lib/node_modules/bobshell/bundle/bob.js:4506:11268
    at Timeout._onTimeout (file:///opt/homebrew/lib/node_modules/bobshell/bundle/bob.js:4506:11894)
    at listOnTimeout (node:internal/timers:605:17)
================================================================================

